This is XeTeX, Version 3.1415926-2.3-0.9997.5 (MiKTeX 2.9) (preloaded format=xelatex 2020.10.10)  28 APR 2021 13:06
entering extended mode
**homework.tex
("F:\Onedrive\南财信工学院\授课\Github\course report\实验1报告Latex
格式包\homework.tex"
LaTeX2e <2011/06/27>
Babel <v3.8m> and hyphenation patterns for loaded.
("D:\Program Files (x86)\CTEX\MiKTeX\tex\latex\base\article.cls"
Document Class: article 2007/10/19 v1.4h Standard LaTeX document class
("D:\Program Files (x86)\CTEX\MiKTeX\tex\latex\base\size10.clo"
File: size10.clo 2007/10/19 v1.4h Standard LaTeX file (size option)
)
\c@part=\count80
\c@section=\count81
\c@subsection=\count82
\c@subsubsection=\count83
\c@paragraph=\count84
\c@subparagraph=\count85
\c@figure=\count86
\c@table=\count87
\abovecaptionskip=\skip41
\belowcaptionskip=\skip42
\bibindent=\dimen102
)
("F:\Onedrive\南财信工学院\授课\Github\course report\实验1报告Latex
格式包\homework.sty"
("D:\Program Files (x86)\CTEX\MiKTeX\tex\latex\fancyhdr\fancyhdr.sty"
\fancy@headwidth=\skip43
\f@ncyO@elh=\skip44
\f@ncyO@erh=\skip45
\f@ncyO@olh=\skip46
\f@ncyO@orh=\skip47
\f@ncyO@elf=\skip48
\f@ncyO@erf=\skip49
\f@ncyO@olf=\skip50
\f@ncyO@orf=\skip51
)
("D:\Program Files (x86)\CTEX\MiKTeX\tex\latex\fancyhdr\extramarks.sty"
\@temptokenb=\toks14
)
("D:\Program Files (x86)\CTEX\MiKTeX\tex\latex\ams\math\amsmath.sty"
Package: amsmath 2000/07/18 v2.13 AMS math features
\@mathmargin=\skip52

For additional information on amsmath, use the `?' option.
("D:\Program Files (x86)\CTEX\MiKTeX\tex\latex\ams\math\amstext.sty"
Package: amstext 2000/06/29 v2.01

("D:\Program Files (x86)\CTEX\MiKTeX\tex\latex\ams\math\amsgen.sty"
File: amsgen.sty 1999/11/30 v2.0
\@emptytoks=\toks15
\ex@=\dimen103
))
("D:\Program Files (x86)\CTEX\MiKTeX\tex\latex\ams\math\amsbsy.sty"
Package: amsbsy 1999/11/29 v1.2d
\pmbraise@=\dimen104
)
("D:\Program Files (x86)\CTEX\MiKTeX\tex\latex\ams\math\amsopn.sty"
Package: amsopn 1999/12/14 v2.01 operator names
)
\inf@bad=\count88
LaTeX Info: Redefining \frac on input line 211.
\uproot@=\count89
\leftroot@=\count90
LaTeX Info: Redefining \overline on input line 307.
\classnum@=\count91
\DOTSCASE@=\count92
LaTeX Info: Redefining \ldots on input line 379.
LaTeX Info: Redefining \dots on input line 382.
LaTeX Info: Redefining \cdots on input line 467.
\Mathstrutbox@=\box26
\strutbox@=\box27
\big@size=\dimen105
LaTeX Font Info:    Redeclaring font encoding OML on input line 567.
LaTeX Font Info:    Redeclaring font encoding OMS on input line 568.
\macc@depth=\count93
\c@MaxMatrixCols=\count94
\dotsspace@=\muskip10
\c@parentequation=\count95
\dspbrk@lvl=\count96
\tag@help=\toks16
\row@=\count97
\column@=\count98
\maxfields@=\count99
\andhelp@=\toks17
\eqnshift@=\dimen106
\alignsep@=\dimen107
\tagshift@=\dimen108
\tagwidth@=\dimen109
\totwidth@=\dimen110
\lineht@=\dimen111
\@envbody=\toks18
\multlinegap=\skip53
\multlinetaggap=\skip54
\mathdisplay@stack=\toks19
LaTeX Info: Redefining \[ on input line 2666.
LaTeX Info: Redefining \] on input line 2667.
)
("D:\Program Files (x86)\CTEX\MiKTeX\tex\latex\ams\classes\amsthm.sty"
Package: amsthm 2004/08/06 v2.20
\thm@style=\toks20
\thm@bodyfont=\toks21
\thm@headfont=\toks22
\thm@notefont=\toks23
\thm@headpunct=\toks24
\thm@preskip=\skip55
\thm@postskip=\skip56
\thm@headsep=\skip57
\dth@everypar=\toks25
)
("D:\Program Files (x86)\CTEX\MiKTeX\tex\latex\amsfonts\amsfonts.sty"
Package: amsfonts 2009/06/22 v3.00 Basic AMSFonts support
\symAMSa=\mathgroup4
\symAMSb=\mathgroup5
LaTeX Font Info:    Overwriting math alphabet `\mathfrak' in version `bold'
(Font)                  U/euf/m/n --> U/euf/b/n on input line 96.
)
("D:\Program Files (x86)\CTEX\MiKTeX\tex\latex\pgf\frontendlayer\tikz.sty"
("D:\Program Files (x86)\CTEX\MiKTeX\tex\latex\pgf\basiclayer\pgf.sty"
("D:\Program Files (x86)\CTEX\MiKTeX\tex\latex\pgf\utilities\pgfrcs.sty"
("D:\Program Files (x86)\CTEX\MiKTeX\tex\generic\pgf\utilities\pgfutil-common.t
ex"
\pgfutil@everybye=\toks26
)
("D:\Program Files (x86)\CTEX\MiKTeX\tex\generic\pgf\utilities\pgfutil-latex.de
f"
\pgfutil@abb=\box28
 ("D:\Program Files (x86)\CTEX\MiKTeX\tex\latex\ms\everyshi.sty"
Package: everyshi 2001/05/15 v3.00 EveryShipout Package (MS)
))
("D:\Program Files (x86)\CTEX\MiKTeX\tex\generic\pgf\utilities\pgfrcs.code.tex"
Package: pgfrcs 2010/10/25 v2.10 (rcs-revision 1.24)
))
Package: pgf 2008/01/15 v2.10 (rcs-revision 1.12)
 ("D:\Program Files (x86)\CTEX\MiKTeX\tex\latex\pgf\basiclayer\pgfcore.sty"
("D:\Program Files (x86)\CTEX\MiKTeX\tex\latex\graphics\graphicx.sty"
Package: graphicx 1999/02/16 v1.0f Enhanced LaTeX Graphics (DPC,SPQR)

("D:\Program Files (x86)\CTEX\MiKTeX\tex\latex\graphics\keyval.sty"
Package: keyval 1999/03/16 v1.13 key=value parser (DPC)
\KV@toks@=\toks27
)
("D:\Program Files (x86)\CTEX\MiKTeX\tex\latex\graphics\graphics.sty"
Package: graphics 2009/02/05 v1.0o Standard LaTeX Graphics (DPC,SPQR)

("D:\Program Files (x86)\CTEX\MiKTeX\tex\latex\graphics\trig.sty"
Package: trig 1999/03/16 v1.09 sin cos tan (DPC)
)
("D:\Program Files (x86)\CTEX\MiKTeX\tex\latex\00miktex\graphics.cfg"
File: graphics.cfg 2007/01/18 v1.5 graphics configuration of teTeX/TeXLive
)
Package graphics Info: Driver file: xetex.def on input line 91.

("D:\Program Files (x86)\CTEX\MiKTeX\tex\xelatex\xetex-def\xetex.def"
File: xetex.def 2009/11/22 v0.94 LaTeX color/graphics driver for XeTeX (RRM/JK)

))
\Gin@req@height=\dimen112
\Gin@req@width=\dimen113
)
("D:\Program Files (x86)\CTEX\MiKTeX\tex\latex\pgf\systemlayer\pgfsys.sty"
("D:\Program Files (x86)\CTEX\MiKTeX\tex\generic\pgf\systemlayer\pgfsys.code.te
x"
Package: pgfsys 2010/06/30 v2.10 (rcs-revision 1.37)

("D:\Program Files (x86)\CTEX\MiKTeX\tex\generic\pgf\utilities\pgfkeys.code.tex
"
\pgfkeys@pathtoks=\toks28
\pgfkeys@temptoks=\toks29

("D:\Program Files (x86)\CTEX\MiKTeX\tex\generic\pgf\utilities\pgfkeysfiltered.
code.tex"
\pgfkeys@tmptoks=\toks30
))
\pgf@x=\dimen114
\pgf@y=\dimen115
\pgf@xa=\dimen116
\pgf@ya=\dimen117
\pgf@xb=\dimen118
\pgf@yb=\dimen119
\pgf@xc=\dimen120
\pgf@yc=\dimen121
\w@pgf@writea=\write3
\r@pgf@reada=\read1
\c@pgf@counta=\count100
\c@pgf@countb=\count101
\c@pgf@countc=\count102
\c@pgf@countd=\count103

("D:\Program Files (x86)\CTEX\MiKTeX\tex\generic\pgf\systemlayer\pgf.cfg"
File: pgf.cfg 2008/05/14  (rcs-revision 1.7)
)
Package pgfsys Info: Driver file for pgf: pgfsys-xetex.def on input line 900.

("D:\Program Files (x86)\CTEX\MiKTeX\tex\generic\pgf\systemlayer\pgfsys-xetex.d
ef"
File: pgfsys-xetex.def 2010/02/16  (rcs-revision 1.3)

("D:\Program Files (x86)\CTEX\MiKTeX\tex\generic\pgf\systemlayer\pgfsys-common-
pdf.def"
File: pgfsys-common-pdf.def 2008/05/19  (rcs-revision 1.10)
)
("D:\Program Files (x86)\CTEX\MiKTeX\tex\generic\pgf\systemlayer\pgfsys-common-
pdf-via-dvi.def"
File: pgfsys-common-pdf-via-dvi.def 2008/05/19  (rcs-revision 1.7)
)))
("D:\Program Files (x86)\CTEX\MiKTeX\tex\generic\pgf\systemlayer\pgfsyssoftpath
.code.tex"
File: pgfsyssoftpath.code.tex 2008/07/18  (rcs-revision 1.7)
\pgfsyssoftpath@smallbuffer@items=\count104
\pgfsyssoftpath@bigbuffer@items=\count105
)
("D:\Program Files (x86)\CTEX\MiKTeX\tex\generic\pgf\systemlayer\pgfsysprotocol
.code.tex"
File: pgfsysprotocol.code.tex 2006/10/16  (rcs-revision 1.4)
)) ("D:\Program Files (x86)\CTEX\MiKTeX\tex\latex\xcolor\xcolor.sty"
Package: xcolor 2007/01/21 v2.11 LaTeX color extensions (UK)

("D:\Program Files (x86)\CTEX\MiKTeX\tex\latex\00miktex\color.cfg"
File: color.cfg 2007/01/18 v1.5 color configuration of teTeX/TeXLive
)
Package xcolor Info: Driver file: xetex.def on input line 225.
Package xcolor Info: Model `cmy' substituted by `cmy0' on input line 1337.
Package xcolor Info: Model `RGB' extended on input line 1353.
Package xcolor Info: Model `HTML' substituted by `rgb' on input line 1355.
Package xcolor Info: Model `Hsb' substituted by `hsb' on input line 1356.
Package xcolor Info: Model `tHsb' substituted by `hsb' on input line 1357.
Package xcolor Info: Model `HSB' substituted by `hsb' on input line 1358.
Package xcolor Info: Model `Gray' substituted by `gray' on input line 1359.
Package xcolor Info: Model `wave' substituted by `hsb' on input line 1360.
)
("D:\Program Files (x86)\CTEX\MiKTeX\tex\generic\pgf\basiclayer\pgfcore.code.te
x"
Package: pgfcore 2010/04/11 v2.10 (rcs-revision 1.7)
 ("D:\Program Files (x86)\CTEX\MiKTeX\tex\generic\pgf\math\pgfmath.code.tex"
("D:\Program Files (x86)\CTEX\MiKTeX\tex\generic\pgf\math\pgfmathcalc.code.tex"
("D:\Program Files (x86)\CTEX\MiKTeX\tex\generic\pgf\math\pgfmathutil.code.tex"
)
("D:\Program Files (x86)\CTEX\MiKTeX\tex\generic\pgf\math\pgfmathparser.code.te
x"
\pgfmath@dimen=\dimen122
\pgfmath@count=\count106
\pgfmath@box=\box29
\pgfmath@toks=\toks31
\pgfmath@stack@operand=\toks32
\pgfmath@stack@operation=\toks33
)
("D:\Program Files (x86)\CTEX\MiKTeX\tex\generic\pgf\math\pgfmathfunctions.code
.tex"
("D:\Program Files (x86)\CTEX\MiKTeX\tex\generic\pgf\math\pgfmathfunctions.basi
c.code.tex")
("D:\Program Files (x86)\CTEX\MiKTeX\tex\generic\pgf\math\pgfmathfunctions.trig
onometric.code.tex")
("D:\Program Files (x86)\CTEX\MiKTeX\tex\generic\pgf\math\pgfmathfunctions.rand
om.code.tex")
("D:\Program Files (x86)\CTEX\MiKTeX\tex\generic\pgf\math\pgfmathfunctions.comp
arison.code.tex")
("D:\Program Files (x86)\CTEX\MiKTeX\tex\generic\pgf\math\pgfmathfunctions.base
.code.tex")
("D:\Program Files (x86)\CTEX\MiKTeX\tex\generic\pgf\math\pgfmathfunctions.roun
d.code.tex")
("D:\Program Files (x86)\CTEX\MiKTeX\tex\generic\pgf\math\pgfmathfunctions.misc
.code.tex")))
("D:\Program Files (x86)\CTEX\MiKTeX\tex\generic\pgf\math\pgfmathfloat.code.tex
"
\c@pgfmathroundto@lastzeros=\count107
))
("D:\Program Files (x86)\CTEX\MiKTeX\tex\generic\pgf\basiclayer\pgfcorepoints.c
ode.tex"
File: pgfcorepoints.code.tex 2010/04/09  (rcs-revision 1.20)
\pgf@picminx=\dimen123
\pgf@picmaxx=\dimen124
\pgf@picminy=\dimen125
\pgf@picmaxy=\dimen126
\pgf@pathminx=\dimen127
\pgf@pathmaxx=\dimen128
\pgf@pathminy=\dimen129
\pgf@pathmaxy=\dimen130
\pgf@xx=\dimen131
\pgf@xy=\dimen132
\pgf@yx=\dimen133
\pgf@yy=\dimen134
\pgf@zx=\dimen135
\pgf@zy=\dimen136
)
("D:\Program Files (x86)\CTEX\MiKTeX\tex\generic\pgf\basiclayer\pgfcorepathcons
truct.code.tex"
File: pgfcorepathconstruct.code.tex 2010/08/03  (rcs-revision 1.24)
\pgf@path@lastx=\dimen137
\pgf@path@lasty=\dimen138
)
("D:\Program Files (x86)\CTEX\MiKTeX\tex\generic\pgf\basiclayer\pgfcorepathusag
e.code.tex"
File: pgfcorepathusage.code.tex 2008/04/22  (rcs-revision 1.12)
\pgf@shorten@end@additional=\dimen139
\pgf@shorten@start@additional=\dimen140
)
("D:\Program Files (x86)\CTEX\MiKTeX\tex\generic\pgf\basiclayer\pgfcorescopes.c
ode.tex"
File: pgfcorescopes.code.tex 2010/09/08  (rcs-revision 1.34)
\pgfpic=\box30
\pgf@hbox=\box31
\pgf@layerbox@main=\box32
\pgf@picture@serial@count=\count108
)
("D:\Program Files (x86)\CTEX\MiKTeX\tex\generic\pgf\basiclayer\pgfcoregraphics
tate.code.tex"
File: pgfcoregraphicstate.code.tex 2008/04/22  (rcs-revision 1.9)
\pgflinewidth=\dimen141
)
("D:\Program Files (x86)\CTEX\MiKTeX\tex\generic\pgf\basiclayer\pgfcoretransfor
mations.code.tex"
File: pgfcoretransformations.code.tex 2009/06/10  (rcs-revision 1.11)
\pgf@pt@x=\dimen142
\pgf@pt@y=\dimen143
\pgf@pt@temp=\dimen144
)
("D:\Program Files (x86)\CTEX\MiKTeX\tex\generic\pgf\basiclayer\pgfcorequick.co
de.tex"
File: pgfcorequick.code.tex 2008/10/09  (rcs-revision 1.3)
)
("D:\Program Files (x86)\CTEX\MiKTeX\tex\generic\pgf\basiclayer\pgfcoreobjects.
code.tex"
File: pgfcoreobjects.code.tex 2006/10/11  (rcs-revision 1.2)
)
("D:\Program Files (x86)\CTEX\MiKTeX\tex\generic\pgf\basiclayer\pgfcorepathproc
essing.code.tex"
File: pgfcorepathprocessing.code.tex 2008/10/09  (rcs-revision 1.8)
)
("D:\Program Files (x86)\CTEX\MiKTeX\tex\generic\pgf\basiclayer\pgfcorearrows.c
ode.tex"
File: pgfcorearrows.code.tex 2008/04/23  (rcs-revision 1.11)
)
("D:\Program Files (x86)\CTEX\MiKTeX\tex\generic\pgf\basiclayer\pgfcoreshade.co
de.tex"
File: pgfcoreshade.code.tex 2008/11/23  (rcs-revision 1.13)
\pgf@max=\dimen145
\pgf@sys@shading@range@num=\count109
)
("D:\Program Files (x86)\CTEX\MiKTeX\tex\generic\pgf\basiclayer\pgfcoreimage.co
de.tex"
File: pgfcoreimage.code.tex 2010/03/25  (rcs-revision 1.16)

("D:\Program Files (x86)\CTEX\MiKTeX\tex\generic\pgf\basiclayer\pgfcoreexternal
.code.tex"
File: pgfcoreexternal.code.tex 2010/09/01  (rcs-revision 1.17)
\pgfexternal@startupbox=\box33
))
("D:\Program Files (x86)\CTEX\MiKTeX\tex\generic\pgf\basiclayer\pgfcorelayers.c
ode.tex"
File: pgfcorelayers.code.tex 2010/08/27  (rcs-revision 1.2)
)
("D:\Program Files (x86)\CTEX\MiKTeX\tex\generic\pgf\basiclayer\pgfcoretranspar
ency.code.tex"
File: pgfcoretransparency.code.tex 2008/01/17  (rcs-revision 1.2)
)
("D:\Program Files (x86)\CTEX\MiKTeX\tex\generic\pgf\basiclayer\pgfcorepatterns
.code.tex"
File: pgfcorepatterns.code.tex 2009/07/02  (rcs-revision 1.3)
)))
("D:\Program Files (x86)\CTEX\MiKTeX\tex\generic\pgf\modules\pgfmoduleshapes.co
de.tex"
File: pgfmoduleshapes.code.tex 2010/09/09  (rcs-revision 1.13)
\pgfnodeparttextbox=\box34
)
("D:\Program Files (x86)\CTEX\MiKTeX\tex\generic\pgf\modules\pgfmoduleplot.code
.tex"
File: pgfmoduleplot.code.tex 2010/10/22  (rcs-revision 1.8)
)
("D:\Program Files (x86)\CTEX\MiKTeX\tex\latex\pgf\compatibility\pgfcomp-versio
n-0-65.sty"
Package: pgfcomp-version-0-65 2007/07/03 v2.10 (rcs-revision 1.7)
\pgf@nodesepstart=\dimen146
\pgf@nodesepend=\dimen147
)
("D:\Program Files (x86)\CTEX\MiKTeX\tex\latex\pgf\compatibility\pgfcomp-versio
n-1-18.sty"
Package: pgfcomp-version-1-18 2007/07/23 v2.10 (rcs-revision 1.1)
))
("D:\Program Files (x86)\CTEX\MiKTeX\tex\latex\pgf\utilities\pgffor.sty"
("D:\Program Files (x86)\CTEX\MiKTeX\tex\latex\pgf\utilities\pgfkeys.sty"
("D:\Program Files (x86)\CTEX\MiKTeX\tex\generic\pgf\utilities\pgfkeys.code.tex
"))
("D:\Program Files (x86)\CTEX\MiKTeX\tex\generic\pgf\utilities\pgffor.code.tex"
Package: pgffor 2010/03/23 v2.10 (rcs-revision 1.18)
\pgffor@iter=\dimen148
\pgffor@skip=\dimen149
\pgffor@stack=\toks34
\pgffor@toks=\toks35
))
("D:\Program Files (x86)\CTEX\MiKTeX\tex\generic\pgf\frontendlayer\tikz\tikz.co
de.tex"
Package: tikz 2010/10/13 v2.10 (rcs-revision 1.76)

("D:\Program Files (x86)\CTEX\MiKTeX\tex\generic\pgf\libraries\pgflibraryplotha
ndlers.code.tex"
File: pgflibraryplothandlers.code.tex 2010/05/31 v2.10 (rcs-revision 1.15)
\pgf@plot@mark@count=\count110
\pgfplotmarksize=\dimen150
)
\tikz@lastx=\dimen151
\tikz@lasty=\dimen152
\tikz@lastxsaved=\dimen153
\tikz@lastysaved=\dimen154
\tikzleveldistance=\dimen155
\tikzsiblingdistance=\dimen156
\tikz@figbox=\box35
\tikz@tempbox=\box36
\tikztreelevel=\count111
\tikznumberofchildren=\count112
\tikznumberofcurrentchild=\count113
\tikz@fig@count=\count114

("D:\Program Files (x86)\CTEX\MiKTeX\tex\generic\pgf\modules\pgfmodulematrix.co
de.tex"
File: pgfmodulematrix.code.tex 2010/08/24  (rcs-revision 1.4)
\pgfmatrixcurrentrow=\count115
\pgfmatrixcurrentcolumn=\count116
\pgf@matrix@numberofcolumns=\count117
)
\tikz@expandcount=\count118

("D:\Program Files (x86)\CTEX\MiKTeX\tex\generic\pgf\frontendlayer\tikz\librari
es\tikzlibrarytopaths.code.tex"
File: tikzlibrarytopaths.code.tex 2008/06/17 v2.10 (rcs-revision 1.2)
)))
("D:\Program Files (x86)\CTEX\MiKTeX\tex\latex\algorithms\algorithm.sty"
Invalid UTF-8 byte or sequence at line 11 replaced by U+FFFD.
Package: algorithm 2009/08/24 v0.1 Document Style `algorithm' - floating enviro
nment

("D:\Program Files (x86)\CTEX\MiKTeX\tex\latex\float\float.sty"
Package: float 2001/11/08 v1.3d Float enhancements (AL)
\c@float@type=\count119
\float@exts=\toks36
\float@box=\box37
\@float@everytoks=\toks37
\@floatcapt=\box38
)
("D:\Program Files (x86)\CTEX\MiKTeX\tex\latex\base\ifthen.sty"
Package: ifthen 2001/05/26 v1.1c Standard LaTeX ifthen package (DPC)
)
\@float@every@algorithm=\toks38
\c@algorithm=\count120
)
("D:\Program Files (x86)\CTEX\MiKTeX\tex\latex\algorithmicx\algorithmicx.sty"
Package: algorithmicx 2005/04/27 v1.2 Algorithmicx

Document Style algorithmicx 1.2 - a greatly improved `algorithmic' style
\c@ALG@line=\count121
\c@ALG@rem=\count122
\c@ALG@nested=\count123
\ALG@tlm=\skip58
\ALG@thistlm=\skip59
\c@ALG@Lnr=\count124
\c@ALG@blocknr=\count125
\c@ALG@storecount=\count126
\c@ALG@tmpcounter=\count127
\ALG@tmplength=\skip60
) ("D:\Program Files (x86)\CTEX\MiKTeX\tex\latex\algorithmicx\algpseudocode.sty
"
Package: algpseudocode 

Document Style - pseudocode environments for use with the `algorithmicx' style
) ("D:\Program Files (x86)\CTEX\MiKTeX\tex\latex\ctex\ctex.sty"
Package: ctex 2011/03/11 v1.02c ctex macros package

("D:\Program Files (x86)\CTEX\MiKTeX\tex\latex\ctex\opt\ctex-common-opts.def")
("D:\Program Files (x86)\CTEX\CTeX\tex\latex\ctex\cfg\ctexopts.cfg")
("D:\Program Files (x86)\CTEX\MiKTeX\tex\latex\ctex\def\ctex-common.def"
("D:\Program Files (x86)\CTEX\MiKTeX\tex\latex\l3kernel\expl3.sty"
("D:\Program Files (x86)\CTEX\MiKTeX\tex\latex\l3kernel\l3names.sty"
("D:\Program Files (x86)\CTEX\MiKTeX\tex\latex\l3kernel\l3bootstrap.sty"
Package: l3bootstrap 2011/12/29 v3110 L3 Experimental bootstrap code
)
Package: l3names 2011/12/30 v3113 L3 Experimental namespace for primitives
)
("D:\Program Files (x86)\CTEX\MiKTeX\tex\latex\misc\etex.sty"
Package: etex 1998/03/26 v2.0 eTeX basic definition package (PEB)
\et@xins=\count128
)
Package: expl3 2012/02/26 v3471 L3 Experimental code bundle wrapper

("D:\Program Files (x86)\CTEX\MiKTeX\tex\latex\l3kernel\l3basics.sty"
Package: l3basics 2012/02/26 v3460 L3 Experimental basic definitions
)
("D:\Program Files (x86)\CTEX\MiKTeX\tex\latex\l3kernel\l3expan.sty"
Package: l3expan 2012/02/26 v3460 L3 Experimental argument expansion
)
("D:\Program Files (x86)\CTEX\MiKTeX\tex\latex\l3kernel\l3tl.sty"
Package: l3tl 2012/02/26 v3460 L3 Experimental token lists
)
("D:\Program Files (x86)\CTEX\MiKTeX\tex\latex\l3kernel\l3seq.sty"
Package: l3seq 2012/01/09 v3158 L3 Experimental sequences and stacks
)
("D:\Program Files (x86)\CTEX\MiKTeX\tex\latex\l3kernel\l3int.sty"
Package: l3int 2012/02/26 v3460 L3 Experimental integers
\c_max_int=\count129
\l_tmpa_int=\count130
\l_tmpb_int=\count131
\l_tmpc_int=\count132
\g_tmpa_int=\count133
\g_tmpb_int=\count134
)
("D:\Program Files (x86)\CTEX\MiKTeX\tex\latex\l3kernel\l3quark.sty"
Package: l3quark 2012/02/12 v3384 L3 Experimental quarks
)
("D:\Program Files (x86)\CTEX\MiKTeX\tex\latex\l3kernel\l3prg.sty"
Package: l3prg 2012/02/26 v3464 L3 Experimental control structures
\g_prg_map_int=\count135
)
("D:\Program Files (x86)\CTEX\MiKTeX\tex\latex\l3kernel\l3clist.sty"
Package: l3clist 2012/02/26 v3460 L3 Experimental comma separated lists
)
("D:\Program Files (x86)\CTEX\MiKTeX\tex\latex\l3kernel\l3token.sty"
Package: l3token 2012/02/26 v3460 L3 Experimental token manipulation
)
("D:\Program Files (x86)\CTEX\MiKTeX\tex\latex\l3kernel\l3prop.sty"
Package: l3prop 2012/02/26 v3460 L3 Experimental property lists
)
("D:\Program Files (x86)\CTEX\MiKTeX\tex\latex\l3kernel\l3msg.sty"
Package: l3msg 2012/02/26 v3470 L3 Experimental messages
)
("D:\Program Files (x86)\CTEX\MiKTeX\tex\latex\l3kernel\l3file.sty"
Package: l3file 2012/02/26 v3464 L3 Experimental file and I/O operations
\l_iow_stream_int=\count136
\l_iow_line_length_int=\count137
\l_iow_target_length_int=\count138
\l_iow_current_line_int=\count139
\l_iow_current_word_int=\count140
\l_iow_current_indentation_int=\count141
)
("D:\Program Files (x86)\CTEX\MiKTeX\tex\latex\l3kernel\l3skip.sty"
Package: l3skip 2012/02/26 v3460 L3 Experimental dimensions and skips
\l_tmpa_dim=\dimen157
\l_tmpb_dim=\dimen158
\l_tmpc_dim=\dimen159
\g_tmpa_dim=\dimen160
\g_tmpb_dim=\dimen161
\l_tmpa_skip=\skip61
\l_tmpb_skip=\skip62
\l_tmpc_skip=\skip63
\g_tmpa_skip=\skip64
\g_tmpb_skip=\skip65
)
("D:\Program Files (x86)\CTEX\MiKTeX\tex\latex\l3kernel\l3keys.sty"
Package: l3keys 2011/12/22 v3086 L3 Experimental key-value interfaces
\g_keyval_level_int=\count142
\l_keys_choice_int=\count143
)
("D:\Program Files (x86)\CTEX\MiKTeX\tex\latex\l3kernel\l3fp.sty"
Package: l3fp 2012/02/06 v3315 L3 Experimental floating-point operations
\c_one_hundred_million=\count144
\c_five_hundred_million=\count145
\c_one_thousand_million=\count146
\c_fp_pi_by_four_decimal_int=\count147
\c_fp_pi_by_four_extended_int=\count148
\c_fp_pi_decimal_int=\count149
\c_fp_pi_extended_int=\count150
\c_fp_two_pi_decimal_int=\count151
\c_fp_two_pi_extended_int=\count152
\l_fp_count_int=\count153
\l_fp_div_offset_int=\count154
\l_fp_exp_integer_int=\count155
\l_fp_exp_decimal_int=\count156
\l_fp_exp_extended_int=\count157
\l_fp_exp_exponent_int=\count158
\l_fp_input_a_sign_int=\count159
\l_fp_input_a_integer_int=\count160
\l_fp_input_a_decimal_int=\count161
\l_fp_input_a_exponent_int=\count162
\l_fp_input_b_sign_int=\count163
\l_fp_input_b_integer_int=\count164
\l_fp_input_b_decimal_int=\count165
\l_fp_input_b_exponent_int=\count166
\l_fp_input_a_extended_int=\count167
\l_fp_input_b_extended_int=\count168
\l_fp_mul_a_i_int=\count169
\l_fp_mul_a_ii_int=\count170
\l_fp_mul_a_iii_int=\count171
\l_fp_mul_a_iv_int=\count172
\l_fp_mul_a_v_int=\count173
\l_fp_mul_a_vi_int=\count174
\l_fp_mul_b_i_int=\count175
\l_fp_mul_b_ii_int=\count176
\l_fp_mul_b_iii_int=\count177
\l_fp_mul_b_iv_int=\count178
\l_fp_mul_b_v_int=\count179
\l_fp_mul_b_vi_int=\count180
\l_fp_mul_output_int=\count181
\l_fp_output_sign_int=\count182
\l_fp_output_integer_int=\count183
\l_fp_output_decimal_int=\count184
\l_fp_output_exponent_int=\count185
\l_fp_output_extended_int=\count186
\l_fp_round_position_int=\count187
\l_fp_round_target_int=\count188
\l_fp_split_sign_int=\count189
\l_fp_internal_int=\count190
\l_fp_trig_octant_int=\count191
\l_fp_trig_sign_int=\count192
\l_fp_trig_decimal_int=\count193
\l_fp_trig_extended_int=\count194
\l_fp_internal_dim=\dimen162
\l_fp_internal_skip=\skip66
)
("D:\Program Files (x86)\CTEX\MiKTeX\tex\latex\l3kernel\l3box.sty"
Package: l3box 2012/02/18 v3432 L3 Experimental boxes
\l_tmpb_box=\box39
\l_box_top_dim=\dimen163
\l_box_bottom_dim=\dimen164
\l_box_left_dim=\dimen165
\l_box_right_dim=\dimen166
\l_box_top_new_dim=\dimen167
\l_box_bottom_new_dim=\dimen168
\l_box_left_new_dim=\dimen169
\l_box_right_new_dim=\dimen170
\l_box_internal_box=\box40
)
("D:\Program Files (x86)\CTEX\MiKTeX\tex\latex\l3kernel\l3coffins.sty"
Package: l3coffins 2012/02/26 v3460 L3 Experimental coffin code layer
\l_coffin_internal_box=\box41
\l_coffin_internal_dim=\dimen171
\l_coffin_offset_x_dim=\dimen172
\l_coffin_offset_y_dim=\dimen173
\l_coffin_x_dim=\dimen174
\l_coffin_y_dim=\dimen175
\l_coffin_x_prime_dim=\dimen176
\l_coffin_y_prime_dim=\dimen177
\l_coffin_Depth_dim=\dimen178
\l_coffin_Height_dim=\dimen179
\l_coffin_TotalHeight_dim=\dimen180
\l_coffin_Width_dim=\dimen181
\c_empty_coffin=\box42
\l_coffin_aligned_coffin=\box43
\l_coffin_aligned_internal_coffin=\box44
\l_coffin_bounding_shift_dim=\dimen182
\l_coffin_left_corner_dim=\dimen183
\l_coffin_right_corner_dim=\dimen184
\l_coffin_bottom_corner_dim=\dimen185
\l_coffin_top_corner_dim=\dimen186
\l_coffin_scaled_total_height_dim=\dimen187
\l_coffin_scaled_width_dim=\dimen188
\l_coffin_display_coffin=\box45
\l_coffin_display_coord_coffin=\box46
\l_coffin_display_pole_coffin=\box47
\l_coffin_display_offset_dim=\dimen189
\l_coffin_display_x_dim=\dimen190
\l_coffin_display_y_dim=\dimen191
)
("D:\Program Files (x86)\CTEX\MiKTeX\tex\latex\l3kernel\l3color.sty"
Package: l3color 2011/09/07 v2776 L3 Experimental colour support
)
("D:\Program Files (x86)\CTEX\MiKTeX\tex\latex\l3kernel\l3luatex.sty"
Package: l3luatex 2012/02/09 v3355 L3 Experimental LuaTeX-specific functions
\g_cctab_allocate_int=\count195
\g_cctab_stack_int=\count196
))
("D:\Program Files (x86)\CTEX\MiKTeX\tex\latex\etoolbox\etoolbox.sty"
Package: etoolbox 2011/01/03 v2.1 e-TeX tools for LaTeX
\etb@tempcnta=\count197
)
("D:\Program Files (x86)\CTEX\MiKTeX\tex\generic\oberdiek\ifpdf.sty"
Package: ifpdf 2011/01/30 v2.3 Provides the ifpdf switch (HO)
Package ifpdf Info: pdfTeX in PDF mode is not detected.
)
("D:\Program Files (x86)\CTEX\MiKTeX\tex\generic\ifxetex\ifxetex.sty"
Package: ifxetex 2010/09/12 v0.6 Provides ifxetex conditional
)
("D:\Program Files (x86)\CTEX\MiKTeX\tex\latex\tools\indentfirst.sty"
Package: indentfirst 1995/11/23 v1.03 Indent first paragraph (DPC)
)
("D:\Program Files (x86)\CTEX\MiKTeX\tex\latex\base\fix-cm.sty"
Package: fix-cm 2006/09/13 v1.1m fixes to LaTeX

("D:\Program Files (x86)\CTEX\MiKTeX\tex\latex\base\ts1enc.def"
File: ts1enc.def 2001/06/05 v3.0e (jk/car/fm) Standard LaTeX file
))
("D:\Program Files (x86)\CTEX\MiKTeX\tex\latex\ctex\engine\ctex-xecjk-engine.de
f" ("D:\Program Files (x86)\CTEX\MiKTeX\tex\latex\savesym\savesym.sty"

LaTeX Warning: You have requested package `savesym',
               but the package provides `savesymbol'.

Package: savesymbol 2003/06/01 v1.1 Saves and restores symbols
) ("D:\Program Files (x86)\CTEX\MiKTeX\tex\xelatex\xecjk\xeCJK.sty"
Package: xeCJK 2012/01/31 2.4.5 package for typesetting CJK scripts with XeLaTe
X

("D:\Program Files (x86)\CTEX\MiKTeX\tex\latex\xkeyval\xkeyval.sty"
Package: xkeyval 2008/08/13 v2.6a package option processing (HA)

("D:\Program Files (x86)\CTEX\MiKTeX\tex\generic\xkeyval\xkeyval.tex"
\XKV@toks=\toks39
\XKV@tempa@toks=\toks40
\XKV@depth=\count198
File: xkeyval.tex 2008/08/13 v2.6a key=value parser (HA)
))
("D:\Program Files (x86)\CTEX\MiKTeX\tex\latex\fontspec\fontspec.sty"
Package: fontspec 2011/09/18 v2.2a Advanced font selection for XeLaTeX/LuaLaTeX


("D:\Program Files (x86)\CTEX\MiKTeX\tex\latex\l3packages\xparse\xparse.sty"
Package: xparse 2012/02/26 v3471 L3 Experimental document command parser
\l_xparse_current_arg_int=\count199
\l_xparse_m_args_int=\count200
\l_xparse_mandatory_args_int=\count201
Normal \count register pool exhausted, switching to extended pool.
\l_xparse_processor_int=\count277
\l_xparse_v_nesting_int=\count278
)
\l_fontspec_script_int=\count279
\l_fontspec_language_int=\count280
\l_fontspec_strnum_int=\count281
\l_fontspec_tmpa_dim=\dimen192
\l_fontspec_tmpb_dim=\dimen193
\l_fontspec_tmpc_dim=\dimen194
Variant \tl_gset:cV already defined; not changing it on line 66

("D:\Program Files (x86)\CTEX\MiKTeX\tex\latex\fontspec\fontspec-patches.sty"
Package: fontspec-patches 2011/09/18 v2.2a Advanced font selection for XeLaTeX/
LuaLaTeX

("D:\Program Files (x86)\CTEX\MiKTeX\tex\latex\base\fixltx2e.sty"
Package: fixltx2e 2006/09/13 v1.1m fixes to LaTeX
LaTeX Info: Redefining \em on input line 420.
LaTeX Info: The control sequence `\[' is already robust on input line 471.
LaTeX Info: The control sequence `\]' is already robust on input line 472.
)
LaTeX Info: Redefining \em on input line 22.
LaTeX Info: Redefining \emph on input line 29.
LaTeX Info: Redefining \- on input line 32.

*************************************************
* LaTeX warning: "xparse/redefine-command"
* 
* Redefining document command \oldstylenums with arg. spec. 'm' on line 107.
*************************************************
.................................................
. LaTeX info: "xparse/define-command"
. 
. Defining document command \liningnums with arg. spec. 'm' on line 111.
.................................................
) ("D:\Program Files (x86)\CTEX\MiKTeX\tex\latex\fontspec\fontspec-xetex.sty"
Package: fontspec-xetex 2011/09/18 v2.2a Advanced font selection for XeLaTeX/Lu
aLaTeX

("D:\Program Files (x86)\CTEX\MiKTeX\tex\latex\base\fontenc.sty"
Package: fontenc 2005/09/27 v1.99g Standard LaTeX package

("D:\Program Files (x86)\CTEX\MiKTeX\tex\latex\euenc\eu1enc.def"
File: eu1enc.def 2010/05/27 v0.1h Experimental Unicode font encodings
)
LaTeX Font Info:    Try loading font information for EU1+lmr on input line 100.


("D:\Program Files (x86)\CTEX\MiKTeX\tex\latex\euenc\eu1lmr.fd"
File: eu1lmr.fd 2009/10/30 v1.6 Font defs for Latin Modern
)
Requested font "[lmroman10-regular]:mapping=tex-text" at 10.0pt
 -> D:/Program Files (x86)/CTEX/MiKTeX/fonts/opentype/public/lm/lmroman10-regul
ar.otf
)
("D:\Program Files (x86)\CTEX\MiKTeX\tex\xelatex\xunicode\xunicode.sty"
File: xunicode.sty 2011/09/09 v0.981 provides access to latin accents and many 
other characters in Unicode lower plane

("D:\Program Files (x86)\CTEX\MiKTeX\tex\latex\tipa\t3enc.def"
File: t3enc.def 2001/12/31 T3 encoding
Requested font "[lmromanslant10-regular]:mapping=tex-text" at 10.0pt
 -> D:/Program Files (x86)/CTEX/MiKTeX/fonts/opentype/public/lm/lmromanslant10-
regular.otf
Requested font "[lmroman10-italic]:mapping=tex-text" at 10.0pt
 -> D:/Program Files (x86)/CTEX/MiKTeX/fonts/opentype/public/lm/lmroman10-itali
c.otf
Requested font "[lmroman10-bold]:mapping=tex-text" at 10.0pt
 -> D:/Program Files (x86)/CTEX/MiKTeX/fonts/opentype/public/lm/lmroman10-bold.
otf
LaTeX Font Info:    Try loading font information for EU1+lmss on input line 357
.

("D:\Program Files (x86)\CTEX\MiKTeX\tex\latex\euenc\eu1lmss.fd"
File: eu1lmss.fd 2009/10/30 v1.6 Font defs for Latin Modern
)
Requested font "[lmsans10-regular]:mapping=tex-text" at 10.0pt
 -> D:/Program Files (x86)/CTEX/MiKTeX/fonts/opentype/public/lm/lmsans10-regula
r.otf
)
\tipaTiiicode=\count282
\tipasavetokens=\toks41
\tipachecktokens=\toks42
)
.................................................
. LaTeX info: "xparse/define-command"
. 
. Defining document command \fontspec with arg. spec. 'O{}m' on line 39.
.................................................
.................................................
. LaTeX info: "xparse/define-command"
. 
. Defining document command \setmainfont with arg. spec. 'O{}m' on line 43.
.................................................
.................................................
. LaTeX info: "xparse/define-command"
. 
. Defining document command \setsansfont with arg. spec. 'O{}m' on line 47.
.................................................
.................................................
. LaTeX info: "xparse/define-command"
. 
. Defining document command \setmonofont with arg. spec. 'O{}m' on line 51.
.................................................
.................................................
. LaTeX info: "xparse/define-command"
. 
. Defining document command \setmathrm with arg. spec. 'O{}m' on line 59.
.................................................
.................................................
. LaTeX info: "xparse/define-command"
. 
. Defining document command \setboldmathrm with arg. spec. 'O{}m' on line 62.
.................................................
.................................................
. LaTeX info: "xparse/define-command"
. 
. Defining document command \setmathsf with arg. spec. 'O{}m' on line 65.
.................................................
.................................................
. LaTeX info: "xparse/define-command"
. 
. Defining document command \setmathtt with arg. spec. 'O{}m' on line 68.
.................................................
.................................................
. LaTeX info: "xparse/define-command"
. 
. Defining document command \newfontfamily with arg. spec. 'mO{}m' on line 84.
.................................................
.................................................
. LaTeX info: "xparse/define-command"
. 
. Defining document command \newfontface with arg. spec. 'mO{}m' on line 87.
.................................................
.................................................
. LaTeX info: "xparse/define-command"
. 
. Defining document command \defaultfontfeatures with arg. spec. 'm' on line
. 91.
.................................................
.................................................
. LaTeX info: "xparse/define-command"
. 
. Defining document command \addfontfeatures with arg. spec. 'm' on line 107.
.................................................
.................................................
. LaTeX info: "xparse/define-command"
. 
. Defining document command \newfontfeature with arg. spec. 'mm' on line 118.
.................................................
.................................................
. LaTeX info: "xparse/define-command"
. 
. Defining document command \newAATfeature with arg. spec. 'mmmm' on line 125.
.................................................
.................................................
. LaTeX info: "xparse/define-command"
. 
. Defining document command \newICUfeature with arg. spec. 'mmm' on line 132.
.................................................
.................................................
. LaTeX info: "xparse/define-command"
. 
. Defining document command \aliasfontfeature with arg. spec. 'mm' on line
. 159.
.................................................
.................................................
. LaTeX info: "xparse/define-command"
. 
. Defining document command \aliasfontfeatureoption with arg. spec. 'mmm' on
. line 164.
.................................................
.................................................
. LaTeX info: "xparse/define-command"
. 
. Defining document command \newfontscript with arg. spec. 'mm' on line 169.
.................................................
.................................................
. LaTeX info: "xparse/define-command"
. 
. Defining document command \newfontlanguage with arg. spec. 'mm' on line 192.
.................................................
.................................................
. LaTeX info: "xparse/define-command"
. 
. Defining document command \DeclareFontsExtensions with arg. spec. 'm' on
. line 211.
.................................................
Variant \prop_gput:cnV already defined; not changing it on line 485
Variant \prop_gput:cnx already defined; not changing it on line 486
Variant \keys_set:nx already defined; not changing it on line 963
\c@fontspec_tmp_int=\count283
LaTeX Info: Redefining \itshape on input line 1881.
LaTeX Info: Redefining \slshape on input line 1885.
LaTeX Info: Redefining \scshape on input line 1889.
LaTeX Info: Redefining \upshape on input line 1893.

("D:\Program Files (x86)\CTEX\MiKTeX\tex\latex\fontspec\fontspec.cfg")))
\xeCJK@cnta=\count284
\xeCJK@cntb=\count285
\xeCJK@cntc=\count286
\xeCJK@cntd=\count287
\xeCJK@cnte=\count288
\xeCJK@dima=\dimen195
LaTeX Info: Redefining \normalfont on input line 886.
LaTeX Info: Redefining \rmfamily on input line 895.
LaTeX Info: Redefining \sffamily on input line 899.
LaTeX Info: Redefining \ttfamily on input line 903.
\xeCJK@featureadded=\count289
\g_xecjk_exspace_dim=\dimen196
)
("D:\Program Files (x86)\CTEX\MiKTeX\tex\latex\ctex\engine\ctex-cjk-common.def"
\ccwd=\dimen197
)
("D:\Program Files (x86)\CTEX\MiKTeX\tex\latex\ctex\fontset\ctex-xecjk-winfonts
.def"))
\CTEX@q=\count290
\CTEX@r=\count291
)) ("D:\Program Files (x86)\CTEX\MiKTeX\tex\latex\ctex\def\ctex-utf8.def") ("D:
\Program Files (x86)\CTEX\MiKTeX\tex\latex\ctex\cfg\ctex.cfg")
("D:\Program Files (x86)\CTEX\MiKTeX\tex\latex\multirow\multirow.sty"
\bigstrutjot=\dimen198
)
("D:\Program Files (x86)\CTEX\MiKTeX\tex\latex\enumitem\enumitem.sty"
Package: enumitem 2011/09/28 v3.5.2 Customized lists
\labelindent=\skip67
\enit@outerparindent=\dimen199
\enit@toks=\toks43
\enit@inbox=\box48
\enitdp@description=\count292
)
("D:\Program Files (x86)\CTEX\MiKTeX\tex\latex\listings\listings.sty"
\lst@mode=\count293
\lst@gtempboxa=\box49
\lst@token=\toks44
\lst@length=\count294
\lst@currlwidth=\dimen200
\lst@column=\count295
\lst@pos=\count296
\lst@lostspace=\dimen201
Normal \dimen register pool exhausted, switching to extended pool.
\lst@width=\dimen256
\lst@newlines=\count297
\lst@lineno=\count298
\lst@maxwidth=\dimen257

("D:\Program Files (x86)\CTEX\MiKTeX\tex\latex\listings\lstmisc.sty"
File: lstmisc.sty 2007/02/22 1.4 (Carsten Heinz)
\c@lstnumber=\count299
\lst@skipnumbers=\count300
\lst@framebox=\box50
)
("D:\Program Files (x86)\CTEX\MiKTeX\tex\latex\listings\listings.cfg"
File: listings.cfg 2007/02/22 1.4 listings configuration
))
Package: listings 2007/02/22 1.4 (Carsten Heinz)

("D:\Program Files (x86)\CTEX\MiKTeX\tex\generic\pgf\frontendlayer\tikz\librari
es\tikzlibraryautomata.code.tex"
File: tikzlibraryautomata.code.tex 2008/07/14 v2.10 (rcs-revision 1.3)

("D:\Program Files (x86)\CTEX\MiKTeX\tex\generic\pgf\frontendlayer\tikz\librari
es\tikzlibraryshapes.multipart.code.tex"
File: tikzlibraryshapes.multipart.code.tex 2008/01/09 v2.10 (rcs-revision 1.1)

("D:\Program Files (x86)\CTEX\MiKTeX\tex\generic\pgf\libraries\shapes\pgflibrar
yshapes.multipart.code.tex"
File: pgflibraryshapes.multipart.code.tex 2010/01/07 v2.10 (rcs-revision 1.2)
\pgfnodepartlowerbox=\box51
\pgfnodeparttwobox=\box52
\pgfnodepartthreebox=\box53
\pgfnodepartfourbox=\box54
\pgfnodeparttwentybox=\box55
\pgfnodepartnineteenbox=\box56
\pgfnodeparteighteenbox=\box57
\pgfnodepartseventeenbox=\box58
\pgfnodepartsixteenbox=\box59
\pgfnodepartfifteenbox=\box60
\pgfnodepartfourteenbox=\box61
\pgfnodepartthirteenbox=\box62
\pgfnodeparttwelvebox=\box63
\pgfnodepartelevenbox=\box64
\pgfnodeparttenbox=\box65
\pgfnodepartninebox=\box66
\pgfnodeparteightbox=\box67
\pgfnodepartsevenbox=\box68
\pgfnodepartsixbox=\box69
\pgfnodepartfivebox=\box70
)))
("D:\Program Files (x86)\CTEX\MiKTeX\tex\generic\pgf\frontendlayer\tikz\librari
es\tikzlibrarypositioning.code.tex"
File: tikzlibrarypositioning.code.tex 2008/10/06 v2.10 (rcs-revision 1.7)
)
Requested font "Consolas" at 10.0pt
 -> C:/Windows/Fonts/consola.ttf
Requested font "Consolas/ICU" at 10.0pt
 -> C:/Windows/Fonts/consola.ttf
\g_fontspec_family_Consolas_int=\count301
Requested font "Consolas/B/ICU" at 10.0pt
 -> C:/Windows/Fonts/consolab.ttf
Requested font "Consolas/B/B/ICU" at 10.0pt
 -> C:/Windows/Fonts/consolab.ttf
Requested font "Consolas/I/ICU" at 10.0pt
 -> C:/Windows/Fonts/consolai.ttf
Requested font "Consolas/I/I/ICU" at 10.0pt
 -> C:/Windows/Fonts/consolai.ttf
Requested font "Consolas/BI/ICU" at 10.0pt
 -> C:/Windows/Fonts/consolaz.ttf
Requested font "Consolas/BI/BI/ICU" at 10.0pt
 -> C:/Windows/Fonts/consolaz.ttf
.................................................
. fontspec info: "defining-font"
. 
. Font family 'Consolas(0)' created for font 'Consolas' with options
. [Ligatures=TeX,].
. 
. This font family consists of the following shapes:
. 
. * 'normal' with NFSS spec.:
. <->"Consolas/ICU:script=latn;language=DFLT;mapping=tex-text;"
. 
. * 'bold' with NFSS spec.:
. <->"Consolas/B/ICU:script=latn;language=DFLT;mapping=tex-text;"
. 
. * 'italic' with NFSS spec.:
. <->"Consolas/I/ICU:script=latn;language=DFLT;mapping=tex-text;"
. 
. * 'bold italic' with NFSS spec.:
. <->"Consolas/BI/ICU:script=latn;language=DFLT;mapping=tex-text;"
.................................................
\c@partCounter=\count302
\c@homeworkProblemCounter=\count303
)
("F:\Onedrive\南财信工学院\授课\Github\course report\实验1报告Latex
格式包\homework.aux"

LaTeX Warning: Label `fig:ucas-logo' multiply defined.


LaTeX Warning: Label `fig:ucas-logo' multiply defined.


LaTeX Warning: Label `fig:ucas-logo' multiply defined.


LaTeX Warning: Label `fig:ucas-logo' multiply defined.


LaTeX Warning: Label `fig:ucas-logo' multiply defined.

)
LaTeX Font Info:    Checking defaults for OML/cmm/m/it on input line 33.
LaTeX Font Info:    ... okay on input line 33.
LaTeX Font Info:    Checking defaults for T1/cmr/m/n on input line 33.
LaTeX Font Info:    ... okay on input line 33.
LaTeX Font Info:    Checking defaults for OT1/cmr/m/n on input line 33.
LaTeX Font Info:    ... okay on input line 33.
LaTeX Font Info:    Checking defaults for OMS/cmsy/m/n on input line 33.
LaTeX Font Info:    ... okay on input line 33.
LaTeX Font Info:    Checking defaults for OMX/cmex/m/n on input line 33.
LaTeX Font Info:    ... okay on input line 33.
LaTeX Font Info:    Checking defaults for U/cmr/m/n on input line 33.
LaTeX Font Info:    ... okay on input line 33.
LaTeX Font Info:    Checking defaults for TS1/cmr/m/n on input line 33.
LaTeX Font Info:    ... okay on input line 33.
LaTeX Font Info:    Checking defaults for EU1/lmr/m/n on input line 33.
LaTeX Font Info:    ... okay on input line 33.
LaTeX Font Info:    Checking defaults for T3/cmr/m/n on input line 33.
LaTeX Font Info:    Try loading font information for T3+cmr on input line 33.
 ("D:\Program Files (x86)\CTEX\MiKTeX\tex\latex\tipa\t3cmr.fd"
File: t3cmr.fd 2001/12/31 TIPA font definitions
)
LaTeX Font Info:    ... okay on input line 33.

ABD: EveryShipout initializing macros
.................................................
. fontspec info: "setup-math"
. 
. Adjusting the maths setup (use [no-math] to avoid this).
.................................................
\symlegacymaths=\mathgroup6
LaTeX Font Info:    Overwriting symbol font `legacymaths' in version `bold'
(Font)                  OT1/cmr/m/n --> OT1/cmr/bx/n on input line 33.
LaTeX Font Info:    Redeclaring math accent \acute on input line 33.
LaTeX Font Info:    Redeclaring math accent \grave on input line 33.
LaTeX Font Info:    Redeclaring math accent \ddot on input line 33.
LaTeX Font Info:    Redeclaring math accent \tilde on input line 33.
LaTeX Font Info:    Redeclaring math accent \bar on input line 33.
LaTeX Font Info:    Redeclaring math accent \breve on input line 33.
LaTeX Font Info:    Redeclaring math accent \check on input line 33.
LaTeX Font Info:    Redeclaring math accent \hat on input line 33.
LaTeX Font Info:    Redeclaring math accent \dot on input line 33.
LaTeX Font Info:    Redeclaring math accent \mathring on input line 33.
LaTeX Font Info:    Redeclaring math symbol \Gamma on input line 33.
LaTeX Font Info:    Redeclaring math symbol \Delta on input line 33.
LaTeX Font Info:    Redeclaring math symbol \Theta on input line 33.
LaTeX Font Info:    Redeclaring math symbol \Lambda on input line 33.
LaTeX Font Info:    Redeclaring math symbol \Xi on input line 33.
LaTeX Font Info:    Redeclaring math symbol \Pi on input line 33.
LaTeX Font Info:    Redeclaring math symbol \Sigma on input line 33.
LaTeX Font Info:    Redeclaring math symbol \Upsilon on input line 33.
LaTeX Font Info:    Redeclaring math symbol \Phi on input line 33.
LaTeX Font Info:    Redeclaring math symbol \Psi on input line 33.
LaTeX Font Info:    Redeclaring math symbol \Omega on input line 33.
LaTeX Font Info:    Redeclaring math symbol \mathdollar on input line 33.
LaTeX Font Info:    Redeclaring symbol font `operators' on input line 33.
LaTeX Font Info:    Encoding `OT1' has changed to `EU1' for symbol font
(Font)              `operators' in the math version `normal' on input line 33.
LaTeX Font Info:    Overwriting symbol font `operators' in version `normal'
(Font)                  OT1/cmr/m/n --> EU1/lmr/m/n on input line 33.
LaTeX Font Info:    Encoding `OT1' has changed to `EU1' for symbol font
(Font)              `operators' in the math version `bold' on input line 33.
LaTeX Font Info:    Overwriting symbol font `operators' in version `bold'
(Font)                  OT1/cmr/bx/n --> EU1/lmr/m/n on input line 33.
LaTeX Font Info:    Overwriting symbol font `operators' in version `normal'
(Font)                  EU1/lmr/m/n --> EU1/lmr/m/n on input line 33.
LaTeX Font Info:    Overwriting math alphabet `\mathrm' in version `normal'
(Font)                  EU1/lmr/m/n --> EU1/lmr/m/n on input line 33.
LaTeX Font Info:    Overwriting math alphabet `\mathit' in version `normal'
(Font)                  OT1/cmr/m/it --> EU1/lmr/m/it on input line 33.
LaTeX Font Info:    Overwriting math alphabet `\mathbf' in version `normal'
(Font)                  OT1/cmr/bx/n --> EU1/lmr/bx/n on input line 33.
LaTeX Font Info:    Overwriting math alphabet `\mathsf' in version `normal'
(Font)                  OT1/cmss/m/n --> EU1/lmss/m/n on input line 33.
LaTeX Font Info:    Overwriting math alphabet `\mathtt' in version `normal'
(Font)                  OT1/cmtt/m/n --> EU1/Consolas(0)/m/n on input line 33.
LaTeX Font Info:    Overwriting symbol font `operators' in version `bold'
(Font)                  EU1/lmr/m/n --> EU1/lmr/bx/n on input line 33.
LaTeX Font Info:    Overwriting math alphabet `\mathrm' in version `bold'
(Font)                  EU1/lmr/m/n --> EU1/lmr/bx/n on input line 33.
LaTeX Font Info:    Overwriting math alphabet `\mathit' in version `bold'
(Font)                  OT1/cmr/bx/it --> EU1/lmr/bx/it on input line 33.
LaTeX Font Info:    Overwriting math alphabet `\mathsf' in version `bold'
(Font)                  OT1/cmss/bx/n --> EU1/lmss/bx/n on input line 33.
LaTeX Font Info:    Overwriting math alphabet `\mathtt' in version `bold'
(Font)                  OT1/cmtt/m/n --> EU1/Consolas(0)/bx/n on input line 33.

\c@lstlisting=\count304
Requested font "[lmroman17-regular]:mapping=tex-text" at 17.28pt
 -> D:/Program Files (x86)/CTEX/MiKTeX/fonts/opentype/public/lm/lmroman17-regul
ar.otf
File: images/title/ucas-logo1.png Graphic file (type QTm)
 <use  "images/title/ucas-logo1.png" >
Requested font "[lmroman12-bold]:mapping=tex-text" at 17.28pt
 -> D:/Program Files (x86)/CTEX/MiKTeX/fonts/opentype/public/lm/lmroman12-bold.
otf
Requested font "SimSun" at 17.28pt
 -> C:/Windows/Fonts/simsun.ttc
Requested font "SimSun/ICU" at 17.28pt
 -> C:/Windows/Fonts/simsun.ttc
\g_fontspec_family_SimSun_int=\count305
Requested font "SimHei/ICU" at 17.28pt
 -> C:/Windows/Fonts/simhei.ttf
Requested font "[SIMKAI.TTF]/ICU" at 17.28pt
 -> C:/Windows/Fonts/SIMKAI.TTF
Requested font "SimHei/I/ICU" at 17.28pt
 -> C:/Windows/Fonts/simhei.ttf
.................................................
. fontspec info: "no-font-shape"
. 
. Could not resolve font SimHei/I (it probably doesn't exist).
.................................................
.................................................
. fontspec info: "defining-font"
. 
. Font family 'SimSun(0)' created for font 'SimSun' with options
. [Ligatures=TeX,BoldFont={SimHei},ItalicFont={[SIMKAI.TTF]}].
. 
. This font family consists of the following shapes:
. 
. * 'normal' with NFSS spec.:
. <->"SimSun/ICU:script=latn;language=DFLT;mapping=tex-text;"
. 
. * 'bold' with NFSS spec.:
. <->"SimHei/ICU:script=latn;language=DFLT;mapping=tex-text;"
. 
. * 'italic' with NFSS spec.:
. <->"[SIMKAI.TTF]/ICU:script=latn;language=DFLT;mapping=tex-text;"
.................................................
Requested font "SimHei/ICU:script=latn;language=DFLT;mapping=tex-text;" at 17.2
8pt
 -> C:/Windows/Fonts/simhei.ttf
Requested font "[lmroman9-regular]:mapping=tex-text" at 9.0pt
 -> D:/Program Files (x86)/CTEX/MiKTeX/fonts/opentype/public/lm/lmroman9-regula
r.otf
Requested font "SimSun" at 9.0pt
 -> C:/Windows/Fonts/simsun.ttc
Requested font "SimSun/ICU" at 9.0pt
 -> C:/Windows/Fonts/simsun.ttc
.................................................
. fontspec info: "defining-font"
. 
. Font family 'SimSun(0)' created for font 'SimSun' with options
. [Ligatures=TeX,BoldFont={SimHei},ItalicFont={[SIMKAI.TTF]}].
. 
. This font family consists of the following shapes:
.................................................
Requested font "SimSun/ICU:script=latn;language=DFLT;mapping=tex-text;" at 9.0p
t
 -> C:/Windows/Fonts/simsun.ttc
Requested font "[lmroman12-regular]:mapping=tex-text" at 12.0pt
 -> D:/Program Files (x86)/CTEX/MiKTeX/fonts/opentype/public/lm/lmroman12-regul
ar.otf
Requested font "[lmroman12-italic]:mapping=tex-text" at 12.0pt
 -> D:/Program Files (x86)/CTEX/MiKTeX/fonts/opentype/public/lm/lmroman12-itali
c.otf
Requested font "SimSun" at 12.0pt
 -> C:/Windows/Fonts/simsun.ttc
Requested font "SimSun/ICU" at 12.0pt
 -> C:/Windows/Fonts/simsun.ttc
.................................................
. fontspec info: "defining-font"
. 
. Font family 'SimSun(0)' created for font 'SimSun' with options
. [Ligatures=TeX,BoldFont={SimHei},ItalicFont={[SIMKAI.TTF]}].
. 
. This font family consists of the following shapes:
.................................................
Requested font "[SIMKAI.TTF]/ICU:script=latn;language=DFLT;mapping=tex-text;" a
t 12.0pt
 -> C:/Windows/Fonts/SIMKAI.TTF
Requested font "[lmroman8-regular]:mapping=tex-text" at 8.0pt
 -> D:/Program Files (x86)/CTEX/MiKTeX/fonts/opentype/public/lm/lmroman8-regula
r.otf
Requested font "[lmroman6-regular]:mapping=tex-text" at 6.0pt
 -> D:/Program Files (x86)/CTEX/MiKTeX/fonts/opentype/public/lm/lmroman6-regula
r.otf
Requested font "cmmi12" at 12.0pt
 -> cmmi12
Requested font "cmmi8" at 8.0pt
 -> cmmi8
Requested font "cmmi6" at 6.0pt
 -> cmmi6
Requested font "cmsy10" at 12.0pt
 -> cmsy10
Requested font "cmsy8" at 8.0pt
 -> cmsy8
Requested font "cmsy6" at 6.0pt
 -> cmsy6
Requested font "cmex10" at 12.0pt
 -> cmex10
Requested font "cmex8" at 8.0pt
 -> cmex8
Requested font "cmex7" at 6.0pt
 -> cmex7
LaTeX Font Info:    Try loading font information for U+msa on input line 36.

("D:\Program Files (x86)\CTEX\MiKTeX\tex\latex\amsfonts\umsa.fd"
File: umsa.fd 2009/06/22 v3.00 AMS symbols A
)
Requested font "msam10" at 12.0pt
 -> msam10
Requested font "msam10" at 8.0pt
 -> msam10
Requested font "msam7" at 6.0pt
 -> msam7
LaTeX Font Info:    Try loading font information for U+msb on input line 36.

("D:\Program Files (x86)\CTEX\MiKTeX\tex\latex\amsfonts\umsb.fd"
File: umsb.fd 2009/06/22 v3.00 AMS symbols B
)
Requested font "msbm10" at 12.0pt
 -> msbm10
Requested font "msbm10" at 8.0pt
 -> msbm10
Requested font "msbm7" at 6.0pt
 -> msbm7
Requested font "cmr12" at 12.0pt
 -> cmr12
Requested font "cmr8" at 8.0pt
 -> cmr8
Requested font "cmr6" at 6.0pt
 -> cmr6
Requested font "[lmroman12-bold]:mapping=tex-text" at 12.0pt
 -> D:/Program Files (x86)/CTEX/MiKTeX/fonts/opentype/public/lm/lmroman12-bold.
otf
.................................................
. fontspec info: "defining-font"
. 
. Font family 'SimSun(0)' created for font 'SimSun' with options
. [Ligatures=TeX,BoldFont={SimHei},ItalicFont={[SIMKAI.TTF]}].
. 
. This font family consists of the following shapes:
.................................................
Requested font "SimHei/ICU:script=latn;language=DFLT;mapping=tex-text;" at 12.0
pt
 -> C:/Windows/Fonts/simhei.ttf
 [1

]
Requested font "[lmroman12-regular]:mapping=tex-text" at 14.4pt
 -> D:/Program Files (x86)/CTEX/MiKTeX/fonts/opentype/public/lm/lmroman12-regul
ar.otf
Requested font "[lmroman12-bold]:mapping=tex-text" at 14.4pt
 -> D:/Program Files (x86)/CTEX/MiKTeX/fonts/opentype/public/lm/lmroman12-bold.
otf
Requested font "SimSun" at 10.0pt
 -> C:/Windows/Fonts/simsun.ttc
Requested font "SimSun/ICU" at 10.0pt
 -> C:/Windows/Fonts/simsun.ttc
.................................................
. fontspec info: "defining-font"
. 
. Font family 'SimSun(0)' created for font 'SimSun' with options
. [Ligatures=TeX,BoldFont={SimHei},ItalicFont={[SIMKAI.TTF]}].
. 
. This font family consists of the following shapes:
.................................................
Requested font "SimHei/ICU:script=latn;language=DFLT;mapping=tex-text;" at 10.0
pt
 -> C:/Windows/Fonts/simhei.ttf
.................................................
. fontspec info: "defining-font"
. 
. Font family 'SimSun(0)' created for font 'SimSun' with options
. [Ligatures=TeX,BoldFont={SimHei},ItalicFont={[SIMKAI.TTF]}].
. 
. This font family consists of the following shapes:
.................................................
Requested font "SimSun/ICU:script=latn;language=DFLT;mapping=tex-text;" at 10.0
pt
 -> C:/Windows/Fonts/simsun.ttc
Requested font "[lmroman7-regular]:mapping=tex-text" at 7.0pt
 -> D:/Program Files (x86)/CTEX/MiKTeX/fonts/opentype/public/lm/lmroman7-regula
r.otf
Requested font "[lmroman5-regular]:mapping=tex-text" at 5.0pt
 -> D:/Program Files (x86)/CTEX/MiKTeX/fonts/opentype/public/lm/lmroman5-regula
r.otf
Requested font "cmex7" at 7.0pt
 -> cmex7
Requested font "cmex7" at 5.0pt
 -> cmex7
Requested font "msam10" at 10.0pt
 -> msam10
Requested font "msam7" at 7.0pt
 -> msam7
Requested font "msam5" at 5.0pt
 -> msam5
Requested font "msbm10" at 10.0pt
 -> msbm10
Requested font "msbm7" at 7.0pt
 -> msbm7
Requested font "msbm5" at 5.0pt
 -> msbm5
File: images/Fig1.png Graphic file (type QTm)

<use  "images/Fig1.png" >
Underfull \hbox (badness 10000) in paragraph at lines 79--86

 []

[2]
File: images/Fig2.png Graphic file (type QTm)
 <use  "images/Fig2.png" >
File: images/Fig3.png Graphic file (type QTm)
 <use  "images/Fig3.png" >
File: images/Fig4.png Graphic file (type QTm)

<use  "images/Fig4.png" > [3]
File: images/Fig5.png Graphic file (type QTm)
 <use  "images/Fig5.png" >
File: images/Fig6.png Graphic file (type QTm)

<use  "images/Fig6.png" > [4]
("F:\Onedrive\南财信工学院\授课\Github\course report\实验1报告Latex
格式包\homework.bbl") [5]
("F:\Onedrive\南财信工学院\授课\Github\course report\实验1报告Latex
格式包\homework.aux")

LaTeX Warning: There were multiply-defined labels.

 ) 
Here is how much of TeX's memory you used:
 26411 strings out of 430478
 534627 string characters out of 3191001
 536502 words of memory out of 3000000
 29089 multiletter control sequences out of 15000+200000
 10288 words of font info for 78 fonts, out of 3000000 for 9000
 14 hyphenation exceptions out of 8191
 63i,11n,57p,850b,360s stack positions out of 5000i,500n,10000p,200000b,50000s

Output written on homework.pdf (5 pages).
